c:\users\xdex-pc\desktop\0216032v1\example6_1\debug\vc140.pdb
c:\users\xdex-pc\desktop\0216032v1\example6_1\debug\vc140.idb
c:\users\xdex-pc\desktop\0216032v1\example6_1\debug\shaderloader.obj
c:\users\xdex-pc\desktop\0216032v1\example6_1\debug\vector3d.obj
c:\users\xdex-pc\desktop\0216032v1\example6_1\debug\mesh.obj
c:\users\xdex-pc\desktop\0216032v1\example6_1\debug\main.obj
c:\users\xdex-pc\desktop\0216032v1\debug\example6_1 (texture).pdb
c:\users\xdex-pc\desktop\0216032v1\example6_1\debug\example6.d422de7d.tlog\cl.command.1.tlog
c:\users\xdex-pc\desktop\0216032v1\example6_1\debug\example6.d422de7d.tlog\cl.read.1.tlog
c:\users\xdex-pc\desktop\0216032v1\example6_1\debug\example6.d422de7d.tlog\cl.write.1.tlog
c:\users\xdex-pc\desktop\0216032v1\example6_1\debug\example6.d422de7d.tlog\link-cvtres.read.1.tlog
c:\users\xdex-pc\desktop\0216032v1\example6_1\debug\example6.d422de7d.tlog\link-cvtres.write.1.tlog
c:\users\xdex-pc\desktop\0216032v1\example6_1\debug\example6.d422de7d.tlog\link-rc.read.1.tlog
c:\users\xdex-pc\desktop\0216032v1\example6_1\debug\example6.d422de7d.tlog\link-rc.write.1.tlog
c:\users\xdex-pc\desktop\0216032v1\example6_1\debug\example6.d422de7d.tlog\link.9736-cvtres.read.1.tlog
c:\users\xdex-pc\desktop\0216032v1\example6_1\debug\example6.d422de7d.tlog\link.9736-cvtres.write.1.tlog
c:\users\xdex-pc\desktop\0216032v1\example6_1\debug\example6.d422de7d.tlog\link.9736-rc.read.1.tlog
c:\users\xdex-pc\desktop\0216032v1\example6_1\debug\example6.d422de7d.tlog\link.9736-rc.write.1.tlog
c:\users\xdex-pc\desktop\0216032v1\example6_1\debug\example6.d422de7d.tlog\link.9736.read.1.tlog
c:\users\xdex-pc\desktop\0216032v1\example6_1\debug\example6.d422de7d.tlog\link.9736.write.1.tlog
c:\users\xdex-pc\desktop\0216032v1\example6_1\debug\example6.d422de7d.tlog\link.command.1.tlog
c:\users\xdex-pc\desktop\0216032v1\example6_1\debug\example6.d422de7d.tlog\link.read.1.tlog
c:\users\xdex-pc\desktop\0216032v1\example6_1\debug\example6.d422de7d.tlog\link.write.1.tlog
